Using pre-set license
Built from '2020.3/staging' branch; Version is '2020.3.11f1 (99c7afb366b3) revision 10078127'; Using compiler version '192528614'; Build Type 'Release'
OS: 'Windows 10 Home; OS build 19042.1348; Version 2009; 64bit' Language: 'zh' Physical Memory: 16253 MB
BatchMode: 1, IsHumanControllingUs: 0, StartBugReporterOnCrash: 0, Is64bit: 1, IsPro: 0

 COMMAND LINE ARGUMENTS:
C:\Program Files\Unity\Hub\Editor\2020.3.11f1\Editor\Unity.exe
-adb2
-batchMode
-noUpm
-name
AssetImportWorker0
-projectPath
D:/UnityApp/CS2D
-logFile
Logs/AssetImportWorker0.log
-srvPort
52323
Successfully changed project path to: D:/UnityApp/CS2D
D:/UnityApp/CS2D
Using Asset Import Pipeline V2.
Refreshing native plugins compatible for Editor in 58.17 ms, found 3 plugins.
Preloading 0 native plugins for Editor in 0.00 ms.
Initialize engine version: 2020.3.11f1 (99c7afb366b3)
[Subsystems] Discovering subsystems at path C:/Program Files/Unity/Hub/Editor/2020.3.11f1/Editor/Data/Resources/UnitySubsystems
[Subsystems] Discovering subsystems at path D:/UnityApp/CS2D/Assets
GfxDevice: creating device client; threaded=0
Direct3D:
    Version:  Direct3D 11.0 [level 11.1]
    Renderer: NVIDIA GeForce GTX 1060 6GB (ID=0x1c03)
    Vendor:   
    VRAM:     6052 MB
    Driver:   30.0.14.9676
Initialize mono
Mono path[0] = 'C:/Program Files/Unity/Hub/Editor/2020.3.11f1/Editor/Data/Managed'
Mono path[1] = 'C:/Program Files/Unity/Hub/Editor/2020.3.11f1/Editor/Data/MonoBleedingEdge/lib/mono/unityjit'
Mono config path = 'C:/Program Files/Unity/Hub/Editor/2020.3.11f1/Editor/Data/MonoBleedingEdge/etc'
Using monoOptions --debugger-agent=transport=dt_socket,embedding=1,server=y,suspend=n,address=127.0.0.1:56496
Begin MonoManager ReloadAssembly
Registering precompiled unity dll's ...
Register platform support module: C:/Program Files/Unity/Hub/Editor/2020.3.11f1/Editor/Data/PlaybackEngines/WindowsStandaloneSupport/UnityEditor.WindowsStandalone.Extensions.dll
Registered in 0.002316 seconds.
Native extension for WindowsStandalone target not found
Refreshing native plugins compatible for Editor in 54.28 ms, found 3 plugins.
Preloading 0 native plugins for Editor in 0.00 ms.
Mono: successfully reloaded assembly
- Completed reload, in  2.352 seconds
Platform modules already initialized, skipping
Registering precompiled user dll's ...
Registered in 0.003640 seconds.
Begin MonoManager ReloadAssembly
Native extension for WindowsStandalone target not found
Refreshing native plugins compatible for Editor in 50.66 ms, found 3 plugins.
Preloading 0 native plugins for Editor in 0.00 ms.
Mono: successfully reloaded assembly
- Completed reload, in  1.195 seconds
Platform modules already initialized, skipping
========================================================================
Worker process is ready to serve import requests
Launched and connected shader compiler UnityShaderCompiler.exe after 0.07 seconds
Refreshing native plugins compatible for Editor in 0.57 ms, found 3 plugins.
Preloading 0 native plugins for Editor in 0.00 ms.
Unloading 2116 Unused Serialized files (Serialized files now loaded: 0)
System memory in use before: 180.8 MB.
System memory in use after: 180.9 MB.

Unloading 27 unused Assets to reduce memory usage. Loaded Objects now: 2585.
Total: 2.293900 ms (FindLiveObjects: 0.236500 ms CreateObjectMapping: 0.095600 ms MarkObjects: 1.907900 ms  DeleteObjects: 0.053000 ms)

========================================================================
Received Import Request.
  path: Assets/Background/_Pack
  artifactKey: Guid(1d746ab9646d6424bbdea7170593fe6a) Importer(815301076,1909f56bfc062723c751e8b465ee728b)
Start importing Assets/Background/_Pack using Guid(1d746ab9646d6424bbdea7170593fe6a) Importer(815301076,1909f56bfc062723c751e8b465ee728b)  -> (artifact id: 'e5709ec8ff449c1849a1a0e5ee17ae1f') in 0.008882 seconds
  Import took 0.012209 seconds .

========================================================================
Received Import Request.
  Time since last request: 0.000296 seconds.
  path: Assets/Background/_Pack/box 1/model/box_1.obj
  artifactKey: Guid(73fd195a784d5954d8d9cee8726b831c) Importer(815301076,1909f56bfc062723c751e8b465ee728b)
Start importing Assets/Background/_Pack/box 1/model/box_1.obj using Guid(73fd195a784d5954d8d9cee8726b831c) Importer(815301076,1909f56bfc062723c751e8b465ee728b)  -> (artifact id: '5e9e0916fc1946b141ea55b3877f5e1f') in 0.181040 seconds
  Import took 0.185440 seconds .

========================================================================
Received Import Request.
  Time since last request: 0.000279 seconds.
  path: Assets/Background/_Pack/box 1
  artifactKey: Guid(1cc944f23a19ea442993731f47462768) Importer(815301076,1909f56bfc062723c751e8b465ee728b)
Start importing Assets/Background/_Pack/box 1 using Guid(1cc944f23a19ea442993731f47462768) Importer(815301076,1909f56bfc062723c751e8b465ee728b)  -> (artifact id: '439aefde1425beaa4c59ce63bfbcf5c3') in 0.006991 seconds
  Import took 0.011783 seconds .

========================================================================
Received Import Request.
  Time since last request: 42.700579 seconds.
  path: Assets/Background/_Pack/cont_1/model/cont_obj.obj
  artifactKey: Guid(c71c86d4482e0ec48973105989013803) Importer(815301076,1909f56bfc062723c751e8b465ee728b)
Start importing Assets/Background/_Pack/cont_1/model/cont_obj.obj using Guid(c71c86d4482e0ec48973105989013803) Importer(815301076,1909f56bfc062723c751e8b465ee728b)  -> (artifact id: '009ea5fade41b6a5d737f3753d45dcc7') in 0.026165 seconds
  Import took 0.030687 seconds .

========================================================================
Received Import Request.
  Time since last request: 382.742922 seconds.
  path: Assets/_Pack/___PREFABS___/bag_1.prefab
  artifactKey: Guid(dbdfe102fb8ed2746a438f95ec69ee4a) Importer(815301076,1909f56bfc062723c751e8b465ee728b)
Start importing Assets/_Pack/___PREFABS___/bag_1.prefab using Guid(dbdfe102fb8ed2746a438f95ec69ee4a) Importer(815301076,1909f56bfc062723c751e8b465ee728b)  -> (artifact id: '76ace868a3a2154ea1adced93865a7d2') in 0.134895 seconds
  Import took 0.169560 seconds .

========================================================================
Received Import Request.
  Time since last request: 1.320173 seconds.
  path: Assets/_Pack/___PREFABS___/bag_2.prefab
  artifactKey: Guid(9095b2931461ffe4ba72056c71f674c7) Importer(815301076,1909f56bfc062723c751e8b465ee728b)
Start importing Assets/_Pack/___PREFABS___/bag_2.prefab using Guid(9095b2931461ffe4ba72056c71f674c7) Importer(815301076,1909f56bfc062723c751e8b465ee728b)  -> (artifact id: '77b6fbadb68c5c3847a640d7d887e159') in 0.033160 seconds
  Import took 0.037594 seconds .

========================================================================
Received Import Request.
  Time since last request: 0.412264 seconds.
  path: Assets/_Pack/___PREFABS___/bag_3.prefab
  artifactKey: Guid(0aeaeb6b6af54be4ca95be97e3b0c295) Importer(815301076,1909f56bfc062723c751e8b465ee728b)
Start importing Assets/_Pack/___PREFABS___/bag_3.prefab using Guid(0aeaeb6b6af54be4ca95be97e3b0c295) Importer(815301076,1909f56bfc062723c751e8b465ee728b)  -> (artifact id: '79e87510b1e5788ab87c8e9e994ad38a') in 0.032020 seconds
  Import took 0.035888 seconds .

========================================================================
Received Prepare
Registering precompiled user dll's ...
Registered in 0.004818 seconds.
Begin MonoManager ReloadAssembly
Native extension for WindowsStandalone target not found
Refreshing native plugins compatible for Editor in 0.65 ms, found 3 plugins.
Preloading 0 native plugins for Editor in 0.00 ms.
Mono: successfully reloaded assembly
- Completed reload, in  1.424 seconds
Platform modules already initialized, skipping
Switching build target platform(19) subTarget(0) extendedPlatform(0) -> platform(13) subTarget(537395200) extendedPlatform(0)
Refreshing native plugins compatible for Editor in 0.62 ms, found 3 plugins.
Preloading 0 native plugins for Editor in 0.00 ms.
Unloading 2096 Unused Serialized files (Serialized files now loaded: 0)
System memory in use before: 181.4 MB.
System memory in use after: 181.6 MB.

Unloading 17 unused Assets to reduce memory usage. Loaded Objects now: 2599.
Total: 3.409100 ms (FindLiveObjects: 0.213800 ms CreateObjectMapping: 0.092200 ms MarkObjects: 3.029700 ms  DeleteObjects: 0.072200 ms)

AssetImportParameters requested are different than current active one (requested -> active):
  custom:graphics/normal-map-encoding: 01000000000000000000000000000000 -> 02000000000000000000000000000000
========================================================================
Received Prepare
Registering precompiled user dll's ...
Registered in 0.005737 seconds.
Begin MonoManager ReloadAssembly
Native extension for WindowsStandalone target not found
Refreshing native plugins compatible for Editor in 1.66 ms, found 3 plugins.
Preloading 0 native plugins for Editor in 0.00 ms.
Mono: successfully reloaded assembly
- Completed reload, in  2.443 seconds
Platform modules already initialized, skipping
Switching build target platform(19) subTarget(0) extendedPlatform(0) -> platform(13) subTarget(537395200) extendedPlatform(0)
Refreshing native plugins compatible for Editor in 0.86 ms, found 3 plugins.
Preloading 0 native plugins for Editor in 0.00 ms.
Unloading 2096 Unused Serialized files (Serialized files now loaded: 0)
System memory in use before: 181.5 MB.
System memory in use after: 181.6 MB.

Unloading 16 unused Assets to reduce memory usage. Loaded Objects now: 2603.
Total: 3.646400 ms (FindLiveObjects: 0.249500 ms CreateObjectMapping: 0.107500 ms MarkObjects: 3.257700 ms  DeleteObjects: 0.030000 ms)

AssetImportParameters requested are different than current active one (requested -> active):
  custom:graphics/normal-map-encoding: 01000000000000000000000000000000 -> 02000000000000000000000000000000
AssetImportWorkerClient::OnTransportError - code=2 error=End of file
